<?xml version="1.0" encoding="UTF-8"?>
<!-- Generated by org.testng.reporters.JUnitXMLReporter -->
<testsuite hostname="KARTHIK" name="Test" tests="3" failures="0" timestamp="23 Apr 2020 13:59:25 GMT" time="143.393" errors="0">
  <testcase name="verifylandingpage" time="0.057" classname="TestScripts.cmslandtestandlinkverify"/>
  <testcase name="verifymedialink" time="3.28" classname="TestScripts.cmslandtestandlinkverify"/>
  <testcase name="verifypostlink" time="2.038" classname="TestScripts.cmslandtestandlinkverify"/>
</testsuite> <!-- Test -->
