<?xml version="1.0" encoding="UTF-8"?>
<!-- Generated by org.testng.reporters.JUnitXMLReporter -->
<testsuite hostname="KARTHIK" name="Test" tests="13" failures="0" timestamp="7 Apr 2020 11:01:07 GMT" time="786.295" errors="0">
  <testcase name="createcust" time="35.255" classname="TestScripts.Acti_user_test"/>
  <testcase name="createcust" time="29.759" classname="TestScripts.Acti_user_test"/>
  <testcase name="createcust" time="23.352" classname="TestScripts.Acti_user_test"/>
  <testcase name="createcust" time="54.81" classname="TestScripts.Acti_createcustomer_test"/>
  <testcase name="createcust" time="36.132" classname="TestScripts.Acti_createcustomer_test"/>
  <testcase name="createcust" time="21.444" classname="TestScripts.Acti_createcustomer_test"/>
  <testcase name="createcust" time="27.466" classname="TestScripts.Acti_createcustomer_test"/>
  <testcase name="createcust" time="30.36" classname="TestScripts.Acti_createcustomer_test"/>
  <testcase name="createcust" time="14.943" classname="TestScripts.Acti_createcustomer_test"/>
  <testcase name="createcust" time="40.986" classname="TestScripts.Acti_createcustomer_test"/>
  <testcase name="createcust" time="21.808" classname="TestScripts.Acti_createcustomer_test"/>
  <testcase name="createcust" time="14.103" classname="TestScripts.Acti_createcustomer_test"/>
  <testcase name="usexp" time="17.754" classname="TestScripts.Acti_userexp_test"/>
</testsuite> <!-- Test -->
