<?xml version="1.0" encoding="UTF-8"?>
<testng-results skipped="0" failed="0" total="3" passed="3">
  <reporter-output>
  </reporter-output>
  <suite name="Suite" duration-ms="143393" started-at="2020-04-23T13:57:01Z" finished-at="2020-04-23T13:59:25Z">
    <groups>
    </groups>
    <test name="Test" duration-ms="143393" started-at="2020-04-23T13:57:01Z" finished-at="2020-04-23T13:59:25Z">
      <class name="TestScripts.cmslandtestandlinkverify">
        <test-method status="PASS" signature="startReport()[pri:0, instance:TestScripts.cmslandtestandlinkverify@6e1567f1]" name="startReport" is-config="true" duration-ms="315" started-at="2020-04-23T19:27:01Z" finished-at="2020-04-23T19:27:02Z">
          <reporter-output>
          </reporter-output>
        </test-method> <!-- startReport -->
        <test-method status="PASS" signature="Launch()[pri:0, instance:TestScripts.cmslandtestandlinkverify@6e1567f1]" name="Launch" is-config="true" duration-ms="44591" started-at="2020-04-23T19:27:02Z" finished-at="2020-04-23T19:27:46Z">
          <reporter-output>
          </reporter-output>
        </test-method> <!-- Launch -->
        <test-method status="PASS" signature="verifylandingpage()[pri:0, instance:TestScripts.cmslandtestandlinkverify@6e1567f1]" name="verifylandingpage" duration-ms="57" started-at="2020-04-23T19:27:46Z" finished-at="2020-04-23T19:27:46Z">
          <reporter-output>
          </reporter-output>
        </test-method> <!-- verifylandingpage -->
        <test-method status="PASS" signature="close()[pri:0, instance:TestScripts.cmslandtestandlinkverify@6e1567f1]" name="close" is-config="true" duration-ms="1205" started-at="2020-04-23T19:27:46Z" finished-at="2020-04-23T19:27:48Z">
          <reporter-output>
          </reporter-output>
        </test-method> <!-- close -->
        <test-method status="PASS" signature="Launch()[pri:0, instance:TestScripts.cmslandtestandlinkverify@6e1567f1]" name="Launch" is-config="true" duration-ms="44402" started-at="2020-04-23T19:27:48Z" finished-at="2020-04-23T19:28:32Z">
          <reporter-output>
          </reporter-output>
        </test-method> <!-- Launch -->
        <test-method status="PASS" signature="verifymedialink()[pri:0, instance:TestScripts.cmslandtestandlinkverify@6e1567f1]" name="verifymedialink" duration-ms="3280" started-at="2020-04-23T19:28:32Z" finished-at="2020-04-23T19:28:35Z">
          <reporter-output>
          </reporter-output>
        </test-method> <!-- verifymedialink -->
        <test-method status="PASS" signature="close()[pri:0, instance:TestScripts.cmslandtestandlinkverify@6e1567f1]" name="close" is-config="true" duration-ms="1117" started-at="2020-04-23T19:28:35Z" finished-at="2020-04-23T19:28:36Z">
          <reporter-output>
          </reporter-output>
        </test-method> <!-- close -->
        <test-method status="PASS" signature="Launch()[pri:0, instance:TestScripts.cmslandtestandlinkverify@6e1567f1]" name="Launch" is-config="true" duration-ms="44324" started-at="2020-04-23T19:28:36Z" finished-at="2020-04-23T19:29:21Z">
          <reporter-output>
          </reporter-output>
        </test-method> <!-- Launch -->
        <test-method status="PASS" signature="verifypostlink()[pri:0, instance:TestScripts.cmslandtestandlinkverify@6e1567f1]" name="verifypostlink" duration-ms="2038" started-at="2020-04-23T19:29:21Z" finished-at="2020-04-23T19:29:23Z">
          <reporter-output>
          </reporter-output>
        </test-method> <!-- verifypostlink -->
        <test-method status="PASS" signature="close()[pri:0, instance:TestScripts.cmslandtestandlinkverify@6e1567f1]" name="close" is-config="true" duration-ms="320" started-at="2020-04-23T19:29:23Z" finished-at="2020-04-23T19:29:23Z">
          <reporter-output>
          </reporter-output>
        </test-method> <!-- close -->
        <test-method status="PASS" signature="endreport()[pri:0, instance:TestScripts.cmslandtestandlinkverify@6e1567f1]" name="endreport" is-config="true" duration-ms="1697" started-at="2020-04-23T19:29:23Z" finished-at="2020-04-23T19:29:25Z">
          <reporter-output>
          </reporter-output>
        </test-method> <!-- endreport -->
      </class> <!-- TestScripts.cmslandtestandlinkverify -->
    </test> <!-- Test -->
  </suite> <!-- Suite -->
</testng-results>
