<?xml version="1.0" encoding="UTF-8"?>
<testng-results skipped="0" failed="0" total="1" passed="1">
  <reporter-output>
  </reporter-output>
  <suite name="Default suite" duration-ms="34738" started-at="2020-04-20T10:44:48Z" finished-at="2020-04-20T10:45:23Z">
    <groups>
    </groups>
    <test name="Default test" duration-ms="34738" started-at="2020-04-20T10:44:48Z" finished-at="2020-04-20T10:45:23Z">
      <class name="TestScripts.Amtest">
        <test-method status="PASS" signature="startReport()[pri:0, instance:TestScripts.Amtest@59494225]" name="startReport" is-config="true" duration-ms="456" started-at="2020-04-20T16:14:48Z" finished-at="2020-04-20T16:14:48Z">
          <reporter-output>
          </reporter-output>
        </test-method> <!-- startReport -->
        <test-method status="PASS" signature="Launch()[pri:0, instance:TestScripts.Amtest@59494225]" name="Launch" is-config="true" duration-ms="26637" started-at="2020-04-20T16:14:48Z" finished-at="2020-04-20T16:15:15Z">
          <reporter-output>
          </reporter-output>
        </test-method> <!-- Launch -->
        <test-method status="PASS" signature="m1()[pri:0, instance:TestScripts.Amtest@59494225]" name="m1" duration-ms="276" started-at="2020-04-20T16:15:15Z" finished-at="2020-04-20T16:15:15Z">
          <reporter-output>
          </reporter-output>
        </test-method> <!-- m1 -->
        <test-method status="PASS" signature="close()[pri:0, instance:TestScripts.Amtest@59494225]" name="close" is-config="true" duration-ms="4167" started-at="2020-04-20T16:15:15Z" finished-at="2020-04-20T16:15:19Z">
          <reporter-output>
          </reporter-output>
        </test-method> <!-- close -->
        <test-method status="PASS" signature="endreport()[pri:0, instance:TestScripts.Amtest@59494225]" name="endreport" is-config="true" duration-ms="3165" started-at="2020-04-20T16:15:19Z" finished-at="2020-04-20T16:15:23Z">
          <reporter-output>
          </reporter-output>
        </test-method> <!-- endreport -->
      </class> <!-- TestScripts.Amtest -->
    </test> <!-- Default test -->
  </suite> <!-- Default suite -->
</testng-results>
